UpdateCTestConfiguration  from :/home/lambillda/2022fall/C++/SUSTC_CS205-CPP/project4/cmake-build-release/DartConfiguration.tcl
UpdateCTestConfiguration  from :/home/lambillda/2022fall/C++/SUSTC_CS205-CPP/project4/cmake-build-release/DartConfiguration.tcl
Test project /home/lambillda/2022fall/C++/SUSTC_CS205-CPP/project4/cmake-build-release
Constructing a list of tests
Done constructing a list of tests
Updating test list for fixtures
Added 0 tests to meet fixture requirements
Checking test dependency graph...
Checking test dependency graph end
test 1
    Start 1: 16-16

1: Test command: /home/lambillda/2022fall/C++/SUSTC_CS205-CPP/project4/cmake-build-release/test/tester "16" "16"
1: Working Directory: /home/lambillda/2022fall/C++/SUSTC_CS205-CPP/project4/cmake-build-release
1: Test timeout computed to be: 10000000
1: ==========================================================
1: OpenBlas matrix multiply time cost 0.000003 s
1: ==========================================================
1/5 Test #1: 16-16 ............................   Passed    0.08 sec
test 2
    Start 2: 128-128

2: Test command: /home/lambillda/2022fall/C++/SUSTC_CS205-CPP/project4/cmake-build-release/test/tester "128" "128"
2: Working Directory: /home/lambillda/2022fall/C++/SUSTC_CS205-CPP/project4/cmake-build-release
2: Test timeout computed to be: 10000000
2: ==========================================================
2: OpenBlas matrix multiply time cost 0.000080 s
2: ==========================================================
2/5 Test #2: 128-128 ..........................   Passed    0.09 sec
test 3
    Start 3: 1000-1000

3: Test command: /home/lambillda/2022fall/C++/SUSTC_CS205-CPP/project4/cmake-build-release/test/tester "1000" "1000"
3: Working Directory: /home/lambillda/2022fall/C++/SUSTC_CS205-CPP/project4/cmake-build-release
3: Test timeout computed to be: 10000000
3: ==========================================================
3: OpenBlas matrix multiply time cost 0.015668 s
3: ==========================================================
3/5 Test #3: 1000-1000 ........................   Passed    0.12 sec
test 4
    Start 4: 8000-8000

4: Test command: /home/lambillda/2022fall/C++/SUSTC_CS205-CPP/project4/cmake-build-release/test/tester "8000" "8000"
4: Working Directory: /home/lambillda/2022fall/C++/SUSTC_CS205-CPP/project4/cmake-build-release
4: Test timeout computed to be: 10000000
4: ==========================================================
4: OpenBlas matrix multiply time cost 6.886172 s
4: ==========================================================
4/5 Test #4: 8000-8000 ........................   Passed    7.06 sec
test 5
    Start 5: 64000-64000

5: Test command: /home/lambillda/2022fall/C++/SUSTC_CS205-CPP/project4/cmake-build-release/test/tester "64000" "64000"
5: Working Directory: /home/lambillda/2022fall/C++/SUSTC_CS205-CPP/project4/cmake-build-release
5: Test timeout computed to be: 10000000
5: ==========================================================
5: OpenBlas matrix multiply time cost 3594.873291 s
5: ==========================================================
5/5 Test #5: 64000-64000 ......................   Passed  3603.21 sec

100% tests passed, 0 tests failed out of 5

Total Test time (real) = 3610.56 sec
